2016-12-07 08:54:23.0266|ERROR|  MovieInfoHelper Exception 
2016-12-07 21:06:48.2015|ERROR|  MovieInfoHelper Exception 
2016-12-07 21:09:22.1144|INFO|  Add Movie Success! 
2016-12-07 21:09:33.7785|INFO|  Add Movie Success! 
2016-12-07 21:09:38.1191|INFO|  Add Movie Success! 
2016-12-07 21:09:59.2752|ERROR|  GetHTMLByURL Exception 
2016-12-07 21:11:11.0134|ERROR|  GetHTMLByURL Exception 
2016-12-07 21:12:20.4889|INFO|  Add Movie Success! 
2016-12-07 21:12:30.9057|INFO|  Add Movie Success! 
2016-12-07 21:12:32.2836|INFO|  Add Movie Success! 
2016-12-07 21:12:33.6724|INFO|  Add Movie Success! 
2016-12-07 21:12:35.0784|INFO|  Add Movie Success! 
2016-12-07 21:12:39.7364|INFO|  Add Movie Success! 
2016-12-07 21:12:50.2486|INFO|  Add Movie Success! 
2016-12-07 21:12:51.6516|INFO|  Add Movie Success! 
2016-12-07 21:12:56.0143|INFO|  Add Movie Success! 
2016-12-07 21:13:00.2916|INFO|  Add Movie Success! 
2016-12-07 21:13:21.3875|ERROR|  GetHTMLByURL Exception 
2016-12-07 21:13:32.1029|INFO|  Add Movie Success! 
2016-12-07 21:13:59.1458|ERROR|  GetHTMLByURL Exception 
2016-12-07 21:14:20.2243|ERROR|  GetHTMLByURL Exception 
2016-12-07 21:14:21.5638|INFO|  Add Movie Success! 
2016-12-07 21:14:23.7671|INFO|  Add Movie Success! 
2016-12-07 21:14:28.1717|INFO|  Add Movie Success! 
2016-12-07 21:14:29.7797|INFO|  Add Movie Success! 
2016-12-07 21:14:31.0651|INFO|  Add Movie Success! 
2016-12-07 21:27:02.8810|ERROR|  GetHTMLByURL Exception 
2016-12-07 21:28:22.7824|ERROR|  GetHTMLByURL Exception 
2016-12-07 21:28:24.5023|INFO|  Add Movie Success! 
2016-12-07 21:31:29.8391|INFO|  Add Movie Success! 
2016-12-07 21:31:51.1564|INFO|  Add Movie Success! 
2016-12-07 21:31:53.7373|INFO|  Add Movie Success! 
2016-12-07 21:31:55.4583|INFO|  Add Movie Success! 
2016-12-07 21:32:16.5424|ERROR|  GetHTMLByURL Exception 
2016-12-07 21:32:37.6302|ERROR|  GetHTMLByURL Exception 
2016-12-07 21:32:39.2336|INFO|  Add Movie Success! 
2016-12-07 21:32:40.6231|INFO|  Add Movie Success! 
2016-12-07 21:32:42.1484|INFO|  Add Movie Success! 
2016-12-07 21:32:43.8167|INFO|  Add Movie Success! 
2016-12-07 21:32:45.1303|INFO|  Add Movie Success! 
2016-12-07 21:32:46.6022|INFO|  Add Movie Success! 
2016-12-07 21:32:47.9917|INFO|  Add Movie Success! 
2016-12-07 21:32:49.4111|INFO|  Add Movie Success! 
2016-12-07 21:32:50.8031|INFO|  Add Movie Success! 
2016-12-07 21:32:52.2121|INFO|  Add Movie Success! 
2016-12-07 21:32:53.5049|INFO|  Add Movie Success! 
2016-12-07 21:32:55.0192|INFO|  Add Movie Success! 
2016-12-07 21:32:56.2870|INFO|  Add Movie Success! 
2016-12-07 21:32:57.6770|INFO|  Add Movie Success! 
2016-12-07 22:10:00.0214|INFO|  Start crawling 
2016-12-07 22:10:00.0786|INFO|  CrawlLatestMovieInfo Start... 
2016-12-07 22:10:00.0786|INFO|  CrawlHotMovie Start... 
2016-12-07 22:10:03.3086|INFO|  Add Movie Success! 
2016-12-07 22:10:12.8042|INFO|  Add Movie Success! 
2016-12-07 22:10:16.3247|INFO|  Add Movie Success! 
2016-12-07 22:10:24.3718|ERROR|  GetHTMLByURL Exception 
2016-12-07 22:10:24.9220|INFO|  Add Movie Success! 
2016-12-07 22:10:37.3568|ERROR|  GetHTMLByURL Exception 
2016-12-07 22:10:42.5145|INFO|  Add Movie Success! 
2016-12-07 22:14:40.4973|ERROR|  GetHTMLByURL Exception 
2016-12-07 22:33:22.8900|INFO|  Add Movie Success! 
2016-12-07 22:33:49.5582|INFO|  Add Movie Success! 
2016-12-07 22:33:49.6033|INFO|  Add Movie Success! 
2016-12-07 22:33:49.6124|INFO|  Add Movie Success! 
2016-12-07 22:39:11.1761|ERROR|  GetHTMLByURL Exception 
2016-12-07 22:39:37.7224|INFO|  Add Movie Success! 
2016-12-07 22:39:50.4588|INFO|  Add Movie Success! 
2016-12-07 22:39:50.4818|INFO|  Add Movie Success! 
2016-12-07 22:39:50.5014|INFO|  Add Movie Success! 
2016-12-07 22:39:50.5179|INFO|  Add Movie Success! 
2016-12-07 22:39:50.5345|INFO|  Add Movie Success! 
2016-12-07 22:39:50.5510|INFO|  Add Movie Success! 
2016-12-07 22:39:50.5630|INFO|  Add Movie Success! 
2016-12-07 22:39:50.5781|INFO|  Add Movie Success! 
2016-12-07 22:39:50.5781|INFO|  Add Movie Success! 
2016-12-07 22:39:50.6392|INFO|  Add Movie Success! 
2016-12-07 22:39:50.6508|INFO|  Add Movie Success! 
2016-12-07 22:39:50.6628|INFO|  Add Movie Success! 
2016-12-07 22:39:50.6814|INFO|  Add Movie Success! 
2016-12-07 22:39:50.6959|INFO|  Add Movie Success! 
2016-12-07 22:39:50.7074|INFO|  Add Movie Success! 
2016-12-07 22:39:50.7195|INFO|  Add Movie Success! 
2016-12-07 22:39:50.7195|INFO|  Add Movie Success! 
2016-12-07 22:39:50.7430|INFO|  Add Movie Success! 
2016-12-07 22:39:50.7561|INFO|  Add Movie Success! 
2016-12-07 22:39:50.7751|INFO|  Add Movie Success! 
2016-12-07 22:39:50.7871|INFO|  Add Movie Success! 
2016-12-07 22:39:50.7997|INFO|  Add Movie Success! 
2016-12-07 22:39:50.7997|INFO|  Add Movie Success! 
2016-12-07 22:39:50.8197|INFO|  Add Movie Success! 
2016-12-07 22:39:50.8308|INFO|  Add Movie Success! 
2016-12-07 22:39:50.8308|INFO|  Add Movie Success! 
2016-12-07 22:39:50.8498|INFO|  Add Movie Success! 
2016-12-07 22:39:50.8603|INFO|  Add Movie Success! 
2016-12-07 22:39:50.8603|INFO|  Add Movie Success! 
2016-12-07 22:39:50.9009|INFO|  Add Movie Success! 
2016-12-07 22:39:50.9110|INFO|  Add Movie Success! 
2016-12-07 22:39:50.9225|INFO|  Add Movie Success! 
2016-12-07 22:39:50.9225|INFO|  Add Movie Success! 
2016-12-07 22:39:50.9426|INFO|  Add Movie Success! 
2016-12-07 22:39:50.9531|INFO|  Add Movie Success! 
2016-12-07 22:39:50.9531|INFO|  Add Movie Success! 
2016-12-07 22:39:50.9686|INFO|  Add Movie Success! 
2016-12-07 22:39:50.9686|INFO|  Add Movie Success! 
2016-12-07 22:39:50.9946|INFO|  Add Movie Success! 
2016-12-07 22:39:51.0106|INFO|  Add Movie Success! 
2016-12-07 22:39:51.0222|INFO|  Add Movie Success! 
2016-12-07 22:39:51.0327|INFO|  Add Movie Success! 
2016-12-07 22:39:51.0327|INFO|  Add Movie Success! 
2016-12-07 22:39:51.0532|INFO|  Add Movie Success! 
2016-12-07 22:39:51.0623|INFO|  Add Movie Success! 
2016-12-07 22:39:51.0623|INFO|  Add Movie Success! 
2016-12-07 22:39:51.0868|INFO|  Add Movie Success! 
2016-12-07 22:39:51.1024|INFO|  Add Movie Success! 
2016-12-07 22:39:51.1134|INFO|  Add Movie Success! 
2016-12-07 22:39:51.1310|INFO|  Add Movie Success! 
2016-12-07 22:39:51.1415|INFO|  Add Movie Success! 
2016-12-07 22:39:51.1415|INFO|  Add Movie Success! 
2016-12-07 22:39:51.1639|INFO|  Add Movie Success! 
2016-12-07 22:39:51.1745|INFO|  Add Movie Success! 
2016-12-07 22:39:51.1745|INFO|  Add Movie Success! 
2016-12-07 22:39:51.1975|INFO|  Add Movie Success! 
2016-12-07 22:39:51.2081|INFO|  Add Movie Success! 
2016-12-07 22:39:51.2081|INFO|  Add Movie Success! 
2016-12-07 22:39:51.2281|INFO|  Add Movie Success! 
2016-12-07 22:39:58.0919|INFO|  Add Movie Success! 
2016-12-07 22:39:58.1129|INFO|  Add Movie Success! 
2016-12-07 22:39:58.1250|INFO|  Add Movie Success! 
2016-12-07 22:39:58.1405|INFO|  Add Movie Success! 
2016-12-07 22:39:58.1405|INFO|  Add Movie Success! 
2016-12-07 22:39:58.1631|INFO|  Add Movie Success! 
2016-12-07 22:39:58.1821|INFO|  Add Movie Success! 
2016-12-07 22:39:58.1941|INFO|  Add Movie Success! 
2016-12-07 22:39:58.2087|INFO|  Add Movie Success! 
2016-12-07 22:39:58.2332|INFO|  Add Movie Success! 
2016-12-07 22:39:58.2768|INFO|  Add Movie Success! 
2016-12-07 22:39:58.2918|INFO|  Add Movie Success! 
2016-12-07 22:39:58.3049|INFO|  Add Movie Success! 
2016-12-07 22:39:58.3139|INFO|  Add Movie Success! 
2016-12-07 22:39:58.3299|INFO|  Add Movie Success! 
2016-12-07 22:39:58.3440|INFO|  Add Movie Success! 
2016-12-07 22:39:58.3440|INFO|  Add Movie Success! 
2016-12-07 22:39:58.3690|INFO|  Add Movie Success! 
2016-12-07 22:39:58.3806|INFO|  Add Movie Success! 
2016-12-07 22:39:58.3941|INFO|  Add Movie Success! 
2016-12-07 22:39:58.4167|INFO|  Add Movie Success! 
2016-12-07 22:39:58.4337|INFO|  Add Movie Success! 
2016-12-07 22:39:58.4478|INFO|  Add Movie Success! 
2016-12-07 22:39:58.4653|INFO|  Add Movie Success! 
2016-12-07 22:39:58.4834|INFO|  Add Movie Success! 
2016-12-07 22:39:58.5049|INFO|  Add Movie Success! 
2016-12-07 22:39:58.5200|INFO|  Add Movie Success! 
2016-12-07 22:39:58.5370|INFO|  Add Movie Success! 
2016-12-07 22:39:58.5515|INFO|  Add Movie Success! 
2016-12-07 22:39:58.5626|INFO|  Add Movie Success! 
2016-12-07 22:39:58.5851|INFO|  Add Movie Success! 
2016-12-07 22:39:58.6007|INFO|  Add Movie Success! 
2016-12-07 22:39:58.6187|INFO|  Add Movie Success! 
2016-12-07 22:39:58.6338|INFO|  Add Movie Success! 
2016-12-07 22:39:58.6538|INFO|  Add Movie Success! 
2016-12-07 22:39:58.6689|INFO|  Add Movie Success! 
2016-12-07 22:39:58.6814|INFO|  Add Movie Success! 
2016-12-07 22:39:58.7019|INFO|  Add Movie Success! 
2016-12-07 22:39:58.7174|INFO|  Add Movie Success! 
2016-12-07 22:39:58.7329|INFO|  Add Movie Success! 
2016-12-07 22:39:58.7540|INFO|  Add Movie Success! 
2016-12-07 22:39:58.7540|INFO|  Add Movie Success! 
2016-12-07 22:39:58.7750|INFO|  Add Movie Success! 
2016-12-07 22:39:58.7901|INFO|  Add Movie Success! 
2016-12-07 22:39:58.8046|INFO|  Add Movie Success! 
2016-12-07 22:39:58.8226|INFO|  Add Movie Success! 
2016-12-07 22:39:58.8417|INFO|  Add Movie Success! 
2016-12-07 22:39:58.8577|INFO|  Add Movie Success! 
2016-12-07 22:39:58.8718|INFO|  Add Movie Success! 
2016-12-07 22:39:58.8843|INFO|  Add Movie Success! 
2016-12-07 22:39:58.9059|INFO|  Add Movie Success! 
2016-12-07 22:39:58.9059|INFO|  Add Movie Success! 
2016-12-07 22:39:58.9299|INFO|  Add Movie Success! 
2016-12-07 22:39:58.9425|INFO|  Add Movie Success! 
2016-12-07 22:39:58.9560|INFO|  Add Movie Success! 
2016-12-07 22:39:58.9695|INFO|  Add Movie Success! 
2016-12-07 22:39:58.9695|INFO|  Add Movie Success! 
2016-12-07 22:39:58.9956|INFO|  Add Movie Success! 
2016-12-07 22:39:59.0081|INFO|  Add Movie Success! 
2016-12-07 22:39:59.0222|INFO|  Add Movie Success! 
2016-12-07 22:40:10.0218|INFO|  Add Movie Success! 
2016-12-07 22:40:10.0364|INFO|  Add Movie Success! 
2016-12-07 22:40:10.0509|INFO|  Add Movie Success! 
2016-12-07 22:40:10.0624|INFO|  Add Movie Success! 
2016-12-07 22:40:10.0624|INFO|  Add Movie Success! 
2016-12-07 22:40:10.0890|INFO|  Add Movie Success! 
2016-12-07 22:40:10.1036|INFO|  Add Movie Success! 
2016-12-07 22:40:10.1161|INFO|  Add Movie Success! 
2016-12-07 22:40:10.1321|INFO|  Add Movie Success! 
2016-12-07 22:40:10.1442|INFO|  Add Movie Success! 
2016-12-07 22:40:10.1662|INFO|  Add Movie Success! 
2016-12-07 22:40:10.1798|INFO|  Add Movie Success! 
2016-12-07 22:40:10.1993|INFO|  Add Movie Success! 
2016-12-07 22:40:10.2123|INFO|  Add Movie Success! 
2016-12-07 22:40:10.2249|INFO|  Add Movie Success! 
2016-12-07 22:40:10.2364|INFO|  Add Movie Success! 
2016-12-07 22:40:10.2364|INFO|  Add Movie Success! 
2016-12-07 22:40:10.2610|INFO|  Add Movie Success! 
2016-12-07 22:40:10.2734|INFO|  Add Movie Success! 
2016-12-07 22:40:10.2870|INFO|  Add Movie Success! 
2016-12-07 22:40:10.3080|INFO|  Add Movie Success! 
2016-12-07 22:40:10.3201|INFO|  Add Movie Success! 
2016-12-07 22:40:10.3326|INFO|  Add Movie Success! 
2016-12-07 22:40:10.3456|INFO|  Add Movie Success! 
2016-12-07 22:40:10.3456|INFO|  Add Movie Success! 
2016-12-07 22:40:10.3707|INFO|  Add Movie Success! 
2016-12-07 22:40:10.3857|INFO|  Add Movie Success! 
2016-12-07 22:40:10.4003|INFO|  Add Movie Success! 
2016-12-07 22:40:10.4213|INFO|  Add Movie Success! 
2016-12-07 22:40:10.4399|INFO|  Add Movie Success! 
2016-12-07 22:40:10.4599|INFO|  Add Movie Success! 
2016-12-07 22:40:10.4745|INFO|  Add Movie Success! 
2016-12-07 22:40:10.4905|INFO|  Add Movie Success! 
2016-12-07 22:40:10.5061|INFO|  Add Movie Success! 
2016-12-07 22:40:10.5221|INFO|  Add Movie Success! 
2016-12-07 22:40:10.5366|INFO|  Add Movie Success! 
2016-12-07 22:40:10.5537|INFO|  Add Movie Success! 
2016-12-07 22:40:10.5697|INFO|  Add Movie Success! 
2016-12-07 22:40:10.5878|INFO|  Add Movie Success! 
2016-12-07 22:40:10.6063|INFO|  Add Movie Success! 
2016-12-07 22:40:10.6399|INFO|  Add Movie Success! 
2016-12-07 22:40:10.6535|INFO|  Add Movie Success! 
2016-12-07 22:40:10.6650|INFO|  Add Movie Success! 
2016-12-07 22:40:10.6770|INFO|  Add Movie Success! 
2016-12-07 22:40:10.6891|INFO|  Add Movie Success! 
2016-12-07 22:40:10.6891|INFO|  Add Movie Success! 
2016-12-07 22:40:10.7131|INFO|  Add Movie Success! 
2016-12-07 22:40:10.7241|INFO|  Add Movie Success! 
2016-12-07 22:40:10.7367|INFO|  Add Movie Success! 
2016-12-07 22:40:10.7497|INFO|  Add Movie Success! 
2016-12-07 22:40:10.7708|INFO|  Add Movie Success! 
2016-12-07 22:40:10.7828|INFO|  Add Movie Success! 
2016-12-07 22:40:10.7828|INFO|  Add Movie Success! 
2016-12-07 22:40:10.8104|INFO|  Add Movie Success! 
2016-12-07 22:40:10.8249|INFO|  Add Movie Success! 
2016-12-07 22:40:10.8435|INFO|  Add Movie Success! 
2016-12-07 22:40:10.8605|INFO|  Add Movie Success! 
2016-12-07 22:40:10.8605|INFO|  Add Movie Success! 
2016-12-07 22:40:10.8871|INFO|  Add Movie Success! 
2016-12-07 22:40:10.9006|INFO|  Add Movie Success! 
2016-12-07 22:40:17.0139|INFO|  Add Movie Success! 
2016-12-07 22:40:17.0335|INFO|  Add Movie Success! 
2016-12-07 22:40:17.0480|INFO|  Add Movie Success! 
2016-12-07 22:40:17.0480|INFO|  Add Movie Success! 
2016-12-07 22:40:17.0711|INFO|  Add Movie Success! 
2016-12-07 22:40:17.0836|INFO|  Add Movie Success! 
2016-12-07 22:40:17.0936|INFO|  Add Movie Success! 
2016-12-07 22:40:17.0936|INFO|  Add Movie Success! 
2016-12-07 22:40:17.1182|INFO|  Add Movie Success! 
2016-12-07 22:40:17.1287|INFO|  Add Movie Success! 
2016-12-07 22:40:17.1473|INFO|  Add Movie Success! 
2016-12-07 22:40:17.1623|INFO|  Add Movie Success! 
2016-12-07 22:40:17.1774|INFO|  Add Movie Success! 
2016-12-07 22:40:17.1959|INFO|  Add Movie Success! 
2016-12-07 22:40:17.2109|INFO|  Add Movie Success! 
2016-12-07 22:40:17.2240|INFO|  Add Movie Success! 
2016-12-07 22:40:17.2355|INFO|  Add Movie Success! 
2016-12-07 22:40:17.2355|INFO|  Add Movie Success! 
2016-12-07 22:40:17.2606|INFO|  Add Movie Success! 
2016-12-07 22:40:17.2721|INFO|  Add Movie Success! 
2016-12-07 22:40:17.2912|INFO|  Add Movie Success! 
2016-12-07 22:40:17.3032|INFO|  Add Movie Success! 
2016-12-07 22:40:17.3142|INFO|  Add Movie Success! 
2016-12-07 22:40:17.3142|INFO|  Add Movie Success! 
2016-12-07 22:40:17.3358|INFO|  Add Movie Success! 
2016-12-07 22:40:17.3473|INFO|  Add Movie Success! 
2016-12-07 22:40:17.3588|INFO|  Add Movie Success! 
2016-12-07 22:40:17.3588|INFO|  Add Movie Success! 
2016-12-07 22:40:17.3879|INFO|  Add Movie Success! 
2016-12-07 22:40:17.4040|INFO|  Add Movie Success! 
2016-12-07 22:40:17.4280|INFO|  Add Movie Success! 
2016-12-07 22:40:17.4396|INFO|  Add Movie Success! 
2016-12-07 22:40:17.4396|INFO|  Add Movie Success! 
2016-12-07 22:40:17.4626|INFO|  Add Movie Success! 
2016-12-07 22:40:17.4752|INFO|  Add Movie Success! 
2016-12-07 22:40:17.4852|INFO|  Add Movie Success! 
2016-12-07 22:40:17.4852|INFO|  Add Movie Success! 
2016-12-07 22:40:17.5098|INFO|  Add Movie Success! 
2016-12-07 22:40:17.5213|INFO|  Add Movie Success! 
2016-12-07 22:40:17.5348|INFO|  Add Movie Success! 
2016-12-07 22:40:17.5529|INFO|  Add Movie Success! 
2016-12-07 22:40:17.5639|INFO|  Add Movie Success! 
2016-12-07 22:40:17.5639|INFO|  Add Movie Success! 
2016-12-07 22:40:17.5930|INFO|  Add Movie Success! 
2016-12-07 22:40:17.6106|INFO|  Add Movie Success! 
2016-12-07 22:40:17.6271|INFO|  Add Movie Success! 
2016-12-07 22:40:17.6426|INFO|  Add Movie Success! 
2016-12-07 22:40:17.6582|INFO|  Add Movie Success! 
2016-12-07 22:40:17.6582|INFO|  Add Movie Success! 
2016-12-07 22:40:17.6858|INFO|  Add Movie Success! 
2016-12-07 22:40:17.7083|INFO|  Add Movie Success! 
2016-12-07 22:40:17.7214|INFO|  Add Movie Success! 
2016-12-07 22:40:17.7359|INFO|  Add Movie Success! 
2016-12-07 22:40:17.7514|INFO|  Add Movie Success! 
2016-12-07 22:40:17.7670|INFO|  Add Movie Success! 
2016-12-07 22:40:17.7865|INFO|  Add Movie Success! 
2016-12-07 22:40:17.8021|INFO|  Add Movie Success! 
2016-12-07 22:40:17.8206|INFO|  Add Movie Success! 
2016-12-07 22:40:17.8412|INFO|  Add Movie Success! 
2016-12-07 22:40:17.8552|INFO|  Add Movie Success! 
2016-12-07 22:40:19.9735|INFO|  Add Movie Success! 
2016-12-07 22:40:19.9936|INFO|  Add Movie Success! 
2016-12-07 22:40:20.0076|INFO|  Add Movie Success! 
2016-12-07 22:40:20.0217|INFO|  Add Movie Success! 
2016-12-07 22:40:20.0332|INFO|  Add Movie Success! 
2016-12-07 22:40:20.0467|INFO|  Add Movie Success! 
2016-12-07 22:40:20.0467|INFO|  Add Movie Success! 
2016-12-07 22:40:20.0693|INFO|  Add Movie Success! 
2016-12-07 22:40:20.0808|INFO|  Add Movie Success! 
2016-12-07 22:40:20.0808|INFO|  Add Movie Success! 
2016-12-07 22:40:20.1109|INFO|  Add Movie Success! 
2016-12-07 22:40:20.1109|INFO|  Add Movie Success! 
2016-12-07 22:40:20.1365|INFO|  Add Movie Success! 
2016-12-07 22:40:20.1530|INFO|  Add Movie Success! 
2016-12-07 22:40:20.1726|INFO|  Add Movie Success! 
2016-12-07 22:40:20.1726|INFO|  Add Movie Success! 
2016-12-07 22:40:20.1957|INFO|  Add Movie Success! 
2016-12-07 22:40:20.2077|INFO|  Add Movie Success! 
2016-12-07 22:40:20.2077|INFO|  Add Movie Success! 
2016-12-07 22:40:20.2302|INFO|  Add Movie Success! 
2016-12-07 22:40:20.2488|INFO|  Add Movie Success! 
2016-12-07 22:40:20.2623|INFO|  Add Movie Success! 
2016-12-07 22:40:20.2744|INFO|  Add Movie Success! 
2016-12-07 22:40:20.2864|INFO|  Add Movie Success! 
2016-12-07 22:40:20.2974|INFO|  Add Movie Success! 
2016-12-07 22:40:20.2974|INFO|  Add Movie Success! 
2016-12-07 22:40:20.3220|INFO|  Add Movie Success! 
2016-12-07 22:40:20.3335|INFO|  Add Movie Success! 
2016-12-07 22:40:20.3471|INFO|  Add Movie Success! 
2016-12-07 22:40:20.3636|INFO|  Add Movie Success! 
2016-12-07 22:40:20.3967|INFO|  Add Movie Success! 
2016-12-07 22:40:20.4082|INFO|  Add Movie Success! 
2016-12-07 22:40:20.4082|INFO|  Add Movie Success! 
2016-12-07 22:40:20.4328|INFO|  Add Movie Success! 
2016-12-07 22:40:20.4448|INFO|  Add Movie Success! 
2016-12-07 22:40:20.4559|INFO|  Add Movie Success! 
2016-12-07 22:40:20.4722|INFO|  Add Movie Success! 
2016-12-07 22:40:20.4847|INFO|  Add Movie Success! 
2016-12-07 22:40:20.5033|INFO|  Add Movie Success! 
2016-12-07 22:40:20.5213|INFO|  Add Movie Success! 
2016-12-07 22:40:20.5484|INFO|  Add Movie Success! 
2016-12-07 22:40:20.5698|INFO|  Add Movie Success! 
2016-12-07 22:40:20.5944|INFO|  Add Movie Success! 
2016-12-07 22:40:20.6119|INFO|  Add Movie Success! 
2016-12-07 22:40:20.6315|INFO|  Add Movie Success! 
2016-12-07 22:40:20.6455|INFO|  Add Movie Success! 
2016-12-07 22:40:20.6576|INFO|  Add Movie Success! 
2016-12-07 22:40:20.6576|INFO|  Add Movie Success! 
2016-12-07 22:40:20.6826|INFO|  Add Movie Success! 
2016-12-07 22:40:20.6957|INFO|  Add Movie Success! 
2016-12-07 22:40:20.7202|INFO|  Add Movie Success! 
2016-12-07 22:40:20.7202|INFO|  Add Movie Success! 
2016-12-07 22:40:20.7468|INFO|  Add Movie Success! 
2016-12-07 22:40:20.7568|INFO|  Add Movie Success! 
2016-12-07 22:40:20.7719|INFO|  Add Movie Success! 
2016-12-07 22:40:20.7834|INFO|  Add Movie Success! 
2016-12-07 22:40:20.8004|INFO|  Add Movie Success! 
2016-12-07 22:40:20.8200|INFO|  Add Movie Success! 
2016-12-07 22:40:20.8330|INFO|  Add Movie Success! 
2016-12-07 22:40:20.8441|INFO|  Add Movie Success! 
2016-12-07 22:40:22.7911|INFO|  Add Movie Success! 
2016-12-07 22:40:22.8061|INFO|  Add Movie Success! 
2016-12-07 22:40:22.8211|INFO|  Add Movie Success! 
2016-12-07 22:40:22.8342|INFO|  Add Movie Success! 
2016-12-07 22:40:22.8467|INFO|  Add Movie Success! 
2016-12-07 22:40:22.8467|INFO|  Add Movie Success! 
2016-12-07 22:40:22.8708|INFO|  Add Movie Success! 
2016-12-07 22:40:22.8843|INFO|  Add Movie Success! 
2016-12-07 22:40:22.8958|INFO|  Add Movie Success! 
2016-12-07 22:40:22.9089|INFO|  Add Movie Success! 
2016-12-07 22:40:22.9360|INFO|  Add Movie Success! 
2016-12-07 22:40:22.9520|INFO|  Add Movie Success! 
2016-12-07 22:40:22.9660|INFO|  Add Movie Success! 
2016-12-07 22:40:22.9796|INFO|  Add Movie Success! 
2016-12-07 22:40:22.9906|INFO|  Add Movie Success! 
2016-12-07 22:40:23.0016|INFO|  Add Movie Success! 
2016-12-07 22:40:23.0016|INFO|  Add Movie Success! 
2016-12-07 22:40:23.0267|INFO|  Add Movie Success! 
2016-12-07 22:40:23.0402|INFO|  Add Movie Success! 
2016-12-07 22:40:23.0563|INFO|  Add Movie Success! 
2016-12-07 22:40:23.0753|INFO|  Add Movie Success! 
2016-12-07 22:40:23.0869|INFO|  Add Movie Success! 
2016-12-07 22:40:23.0989|INFO|  Add Movie Success! 
2016-12-07 22:40:23.1089|INFO|  Add Movie Success! 
2016-12-07 22:40:23.1089|INFO|  Add Movie Success! 
2016-12-07 22:40:23.1375|INFO|  Add Movie Success! 
2016-12-07 22:40:23.1616|INFO|  Add Movie Success! 
2016-12-07 22:40:23.1806|INFO|  Add Movie Success! 
2016-12-07 22:40:23.1956|INFO|  Add Movie Success! 
2016-12-07 22:40:23.2087|INFO|  Add Movie Success! 
2016-12-07 22:40:23.2317|INFO|  Add Movie Success! 
2016-12-07 22:40:23.2433|INFO|  Add Movie Success! 
2016-12-07 22:40:23.2563|INFO|  Add Movie Success! 
2016-12-07 22:40:23.2693|INFO|  Add Movie Success! 
2016-12-07 22:40:23.2809|INFO|  Add Movie Success! 
2016-12-07 22:40:23.2809|INFO|  Add Movie Success! 
2016-12-07 22:40:23.3074|INFO|  Add Movie Success! 
2016-12-07 22:40:23.3205|INFO|  Add Movie Success! 
2016-12-07 22:40:23.3345|INFO|  Add Movie Success! 
2016-12-07 22:40:23.3525|INFO|  Add Movie Success! 
2016-12-07 22:40:23.3831|INFO|  Add Movie Success! 
2016-12-07 22:40:23.3987|INFO|  Add Movie Success! 
2016-12-07 22:40:23.4172|INFO|  Add Movie Success! 
2016-12-07 22:40:23.4363|INFO|  Add Movie Success! 
2016-12-07 22:40:23.4644|INFO|  Add Movie Success! 
2016-12-07 22:40:23.4889|INFO|  Add Movie Success! 
2016-12-07 22:40:23.5114|INFO|  Add Movie Success! 
2016-12-07 22:40:23.5435|INFO|  Add Movie Success! 
2016-12-07 22:40:23.5741|INFO|  Add Movie Success! 
2016-12-07 22:40:23.6107|INFO|  Add Movie Success! 
2016-12-07 22:40:23.6418|INFO|  Add Movie Success! 
2016-12-07 22:40:23.6613|INFO|  Add Movie Success! 
2016-12-07 22:40:23.6814|INFO|  Add Movie Success! 
2016-12-07 22:40:23.6994|INFO|  Add Movie Success! 
2016-12-07 22:40:23.7245|INFO|  Add Movie Success! 
2016-12-07 22:40:23.7416|INFO|  Add Movie Success! 
2016-12-07 22:40:23.7576|INFO|  Add Movie Success! 
2016-12-07 22:40:23.7772|INFO|  Add Movie Success! 
2016-12-07 22:40:23.8112|INFO|  Add Movie Success! 
2016-12-07 22:40:23.8388|INFO|  Add Movie Success! 
2016-12-07 22:40:25.7299|INFO|  Add Movie Success! 
2016-12-07 22:40:25.7435|INFO|  Add Movie Success! 
2016-12-07 22:40:25.7560|INFO|  Add Movie Success! 
2016-12-07 22:40:25.7700|INFO|  Add Movie Success! 
2016-12-07 22:40:25.7841|INFO|  Add Movie Success! 
2016-12-07 22:40:25.7971|INFO|  Add Movie Success! 
2016-12-07 22:40:25.7971|INFO|  Add Movie Success! 
2016-12-07 22:40:25.8232|INFO|  Add Movie Success! 
2016-12-07 22:40:25.8352|INFO|  Add Movie Success! 
2016-12-07 22:40:25.8472|INFO|  Add Movie Success! 
2016-12-07 22:40:25.8668|INFO|  Add Movie Success! 
2016-12-07 22:40:25.8798|INFO|  Add Movie Success! 
2016-12-07 22:40:25.8904|INFO|  Add Movie Success! 
2016-12-07 22:40:25.8904|INFO|  Add Movie Success! 
2016-12-07 22:40:25.9214|INFO|  Add Movie Success! 
2016-12-07 22:40:25.9384|INFO|  Add Movie Success! 
2016-12-07 22:40:25.9579|INFO|  Add Movie Success! 
2016-12-07 22:40:25.9740|INFO|  Add Movie Success! 
2016-12-07 22:40:25.9890|INFO|  Add Movie Success! 
2016-12-07 22:40:26.0020|INFO|  Add Movie Success! 
2016-12-07 22:40:26.0186|INFO|  Add Movie Success! 
2016-12-07 22:40:26.0351|INFO|  Add Movie Success! 
2016-12-07 22:40:26.0351|INFO|  Add Movie Success! 
2016-12-07 22:40:26.0587|INFO|  Add Movie Success! 
2016-12-07 22:40:26.0702|INFO|  Add Movie Success! 
2016-12-07 22:40:26.0822|INFO|  Add Movie Success! 
2016-12-07 22:40:26.0953|INFO|  Add Movie Success! 
2016-12-07 22:40:26.1093|INFO|  Add Movie Success! 
2016-12-07 22:40:26.1093|INFO|  Add Movie Success! 
2016-12-07 22:40:26.1329|INFO|  Add Movie Success! 
2016-12-07 22:40:26.1564|INFO|  Add Movie Success! 
2016-12-07 22:40:26.1755|INFO|  Add Movie Success! 
2016-12-07 22:40:26.1915|INFO|  Add Movie Success! 
2016-12-07 22:40:26.2030|INFO|  Add Movie Success! 
2016-12-07 22:40:26.2030|INFO|  Add Movie Success! 
2016-12-07 22:40:26.2256|INFO|  Add Movie Success! 
2016-12-07 22:40:26.2396|INFO|  Add Movie Success! 
2016-12-07 22:40:26.2527|INFO|  Add Movie Success! 
2016-12-07 22:40:26.2662|INFO|  Add Movie Success! 
2016-12-07 22:40:26.2662|INFO|  Add Movie Success! 
2016-12-07 22:40:26.3018|INFO|  Add Movie Success! 
2016-12-07 22:40:26.3153|INFO|  Add Movie Success! 
2016-12-07 22:40:26.3279|INFO|  Add Movie Success! 
2016-12-07 22:40:26.3279|INFO|  Add Movie Success! 
2016-12-07 22:40:26.3540|INFO|  Add Movie Success! 
2016-12-07 22:40:26.3720|INFO|  Add Movie Success! 
2016-12-07 22:40:26.3875|INFO|  Add Movie Success! 
2016-12-07 22:40:26.4001|INFO|  Add Movie Success! 
2016-12-07 22:40:26.4106|INFO|  Add Movie Success! 
2016-12-07 22:40:26.4231|INFO|  Add Movie Success! 
2016-12-07 22:40:26.4432|INFO|  Add Movie Success! 
2016-12-07 22:40:26.4557|INFO|  Add Movie Success! 
2016-12-07 22:40:26.4557|INFO|  Add Movie Success! 
2016-12-07 22:40:26.4783|INFO|  Add Movie Success! 
2016-12-07 22:40:26.4918|INFO|  Add Movie Success! 
2016-12-07 22:40:26.5018|INFO|  Add Movie Success! 
2016-12-07 22:40:26.5018|INFO|  Add Movie Success! 
2016-12-07 22:40:26.5249|INFO|  Add Movie Success! 
2016-12-07 22:40:26.5369|INFO|  Add Movie Success! 
2016-12-07 22:40:26.5480|INFO|  Add Movie Success! 
2016-12-07 22:40:31.4003|INFO|  Add Movie Success! 
2016-12-07 22:40:31.4169|INFO|  Add Movie Success! 
2016-12-07 22:40:31.4319|INFO|  Add Movie Success! 
2016-12-07 22:40:31.4439|INFO|  Add Movie Success! 
2016-12-07 22:40:31.4560|INFO|  Add Movie Success! 
2016-12-07 22:40:31.4560|INFO|  Add Movie Success! 
2016-12-07 22:40:31.4820|INFO|  Add Movie Success! 
2016-12-07 22:40:31.5021|INFO|  Add Movie Success! 
2016-12-07 22:40:31.5161|INFO|  Add Movie Success! 
2016-12-07 22:40:31.5312|INFO|  Add Movie Success! 
2016-12-07 22:40:31.5482|INFO|  Add Movie Success! 
2016-12-07 22:40:31.5627|INFO|  Add Movie Success! 
2016-12-07 22:40:31.5627|INFO|  Add Movie Success! 
2016-12-07 22:40:31.5855|INFO|  Add Movie Success! 
2016-12-07 22:40:31.5971|INFO|  Add Movie Success! 
2016-12-07 22:40:31.5971|INFO|  Add Movie Success! 
2016-12-07 22:40:31.6196|INFO|  Add Movie Success! 
2016-12-07 22:40:31.6326|INFO|  Add Movie Success! 
2016-12-07 22:40:31.6451|INFO|  Add Movie Success! 
2016-12-07 22:40:31.6567|INFO|  Add Movie Success! 
2016-12-07 22:40:31.6747|INFO|  Add Movie Success! 
2016-12-07 22:40:31.6923|INFO|  Add Movie Success! 
2016-12-07 22:40:31.7068|INFO|  Add Movie Success! 
2016-12-07 22:40:31.7279|INFO|  Add Movie Success! 
2016-12-07 22:40:31.7424|INFO|  Add Movie Success! 
2016-12-07 22:40:31.7539|INFO|  Add Movie Success! 
2016-12-07 22:40:31.7539|INFO|  Add Movie Success! 
2016-12-07 22:40:31.7769|INFO|  Add Movie Success! 
2016-12-07 22:40:31.7905|INFO|  Add Movie Success! 
2016-12-07 22:40:31.8035|INFO|  Add Movie Success! 
2016-12-07 22:40:31.8271|INFO|  Add Movie Success! 
2016-12-07 22:40:31.8396|INFO|  Add Movie Success! 
2016-12-07 22:40:31.8511|INFO|  Add Movie Success! 
2016-12-07 22:40:31.8627|INFO|  Add Movie Success! 
2016-12-07 22:40:31.8747|INFO|  Add Movie Success! 
2016-12-07 22:40:31.8747|INFO|  Add Movie Success! 
2016-12-07 22:40:31.8997|INFO|  Add Movie Success! 
2016-12-07 22:40:31.9198|INFO|  Add Movie Success! 
2016-12-07 22:40:31.9368|INFO|  Add Movie Success! 
2016-12-07 22:40:31.9569|INFO|  Add Movie Success! 
2016-12-07 22:40:31.9790|INFO|  Add Movie Success! 
2016-12-07 22:40:31.9910|INFO|  Add Movie Success! 
2016-12-07 22:40:32.0020|INFO|  Add Movie Success! 
2016-12-07 22:40:32.0020|INFO|  Add Movie Success! 
2016-12-07 22:40:32.0251|INFO|  Add Movie Success! 
2016-12-07 22:40:32.0411|INFO|  Add Movie Success! 
2016-12-07 22:40:32.0522|INFO|  Add Movie Success! 
2016-12-07 22:40:32.0627|INFO|  Add Movie Success! 
2016-12-07 22:40:32.0627|INFO|  Add Movie Success! 
2016-12-07 22:40:32.0868|INFO|  Add Movie Success! 
2016-12-07 22:40:32.1073|INFO|  Add Movie Success! 
2016-12-07 22:40:32.1203|INFO|  Add Movie Success! 
2016-12-07 22:40:32.1334|INFO|  Add Movie Success! 
2016-12-07 22:40:32.1529|INFO|  Add Movie Success! 
2016-12-07 22:40:32.1655|INFO|  Add Movie Success! 
2016-12-07 22:40:32.1770|INFO|  Add Movie Success! 
2016-12-07 22:40:32.1880|INFO|  Add Movie Success! 
2016-12-07 22:40:32.1880|INFO|  Add Movie Success! 
2016-12-07 22:40:32.2166|INFO|  Add Movie Success! 
2016-12-07 22:40:32.2306|INFO|  Add Movie Success! 
2016-12-07 22:40:33.8229|INFO|  Add Movie Success! 
2016-12-07 22:40:33.8390|INFO|  Add Movie Success! 
2016-12-07 22:40:33.8585|INFO|  Add Movie Success! 
2016-12-07 22:40:33.8786|INFO|  Add Movie Success! 
2016-12-07 22:40:33.8931|INFO|  Add Movie Success! 
2016-12-07 22:40:33.8931|INFO|  Add Movie Success! 
2016-12-07 22:40:33.9172|INFO|  Add Movie Success! 
2016-12-07 22:40:33.9282|INFO|  Add Movie Success! 
2016-12-07 22:40:33.9397|INFO|  Add Movie Success! 
2016-12-07 22:40:33.9528|INFO|  Add Movie Success! 
2016-12-07 22:40:33.9753|INFO|  Add Movie Success! 
2016-12-07 22:40:33.9854|INFO|  Add Movie Success! 
2016-12-07 22:40:33.9854|INFO|  Add Movie Success! 
2016-12-07 22:40:34.0084|INFO|  Add Movie Success! 
2016-12-07 22:40:34.0229|INFO|  Add Movie Success! 
2016-12-07 22:40:34.0359|INFO|  Add Movie Success! 
2016-12-07 22:40:34.0470|INFO|  Add Movie Success! 
2016-12-07 22:40:34.0470|INFO|  Add Movie Success! 
2016-12-07 22:40:34.0735|INFO|  Add Movie Success! 
2016-12-07 22:40:34.0891|INFO|  Add Movie Success! 
2016-12-07 22:40:34.1322|INFO|  Add Movie Success! 
2016-12-07 22:40:34.1477|INFO|  Add Movie Success! 
2016-12-07 22:40:34.1628|INFO|  Add Movie Success! 
2016-12-07 22:40:34.1763|INFO|  Add Movie Success! 
2016-12-07 22:40:34.1883|INFO|  Add Movie Success! 
2016-12-07 22:40:34.2039|INFO|  Add Movie Success! 
2016-12-07 22:40:34.2209|INFO|  Add Movie Success! 
2016-12-07 22:40:34.2470|INFO|  Add Movie Success! 
2016-12-07 22:40:34.2645|INFO|  Add Movie Success! 
2016-12-07 22:40:34.2851|INFO|  Add Movie Success! 
2016-12-07 22:40:34.3217|INFO|  Add Movie Success! 
2016-12-07 22:40:34.3372|INFO|  Add Movie Success! 
2016-12-07 22:40:34.3522|INFO|  Add Movie Success! 
2016-12-07 22:40:34.3703|INFO|  Add Movie Success! 
2016-12-07 22:40:34.3838|INFO|  Add Movie Success! 
2016-12-07 22:40:34.3989|INFO|  Add Movie Success! 
2016-12-07 22:40:34.4164|INFO|  Add Movie Success! 
2016-12-07 22:40:34.4360|INFO|  Add Movie Success! 
2016-12-07 22:40:34.4530|INFO|  Add Movie Success! 
2016-12-07 22:40:34.4711|INFO|  Add Movie Success! 
2016-12-07 22:40:34.5011|INFO|  Add Movie Success! 
2016-12-07 22:40:34.5267|INFO|  Add Movie Success! 
2016-12-07 22:40:34.5423|INFO|  Add Movie Success! 
2016-12-07 22:40:34.5598|INFO|  Add Movie Success! 
2016-12-07 22:40:34.5748|INFO|  Add Movie Success! 
2016-12-07 22:40:34.5934|INFO|  Add Movie Success! 
2016-12-07 22:40:34.6124|INFO|  Add Movie Success! 
2016-12-07 22:40:34.6320|INFO|  Add Movie Success! 
2016-12-07 22:40:34.6656|INFO|  Add Movie Success! 
2016-12-07 22:40:34.6846|INFO|  Add Movie Success! 
2016-12-07 22:40:34.7318|INFO|  Add Movie Success! 
2016-12-07 22:40:34.7653|INFO|  Add Movie Success! 
2016-12-07 22:40:34.7884|INFO|  Add Movie Success! 
2016-12-07 22:40:34.8060|INFO|  Add Movie Success! 
2016-12-07 22:40:34.8320|INFO|  Add Movie Success! 
2016-12-07 22:40:34.8531|INFO|  Add Movie Success! 
2016-12-07 22:40:34.8771|INFO|  Add Movie Success! 
2016-12-07 22:40:34.9012|INFO|  Add Movie Success! 
2016-12-07 22:40:34.9218|INFO|  Add Movie Success! 
2016-12-07 22:40:34.9594|INFO|  Add Movie Success! 
2016-12-07 22:40:39.7126|INFO|  Add Movie Success! 
2016-12-07 22:40:39.7361|INFO|  Add Movie Success! 
2016-12-07 22:40:39.7562|INFO|  Add Movie Success! 
2016-12-07 22:40:39.7687|INFO|  Add Movie Success! 
2016-12-07 22:40:39.7882|INFO|  Add Movie Success! 
2016-12-07 22:40:39.8032|INFO|  Add Movie Success! 
2016-12-07 22:40:39.8167|INFO|  Add Movie Success! 
2016-12-07 22:40:39.8373|INFO|  Add Movie Success! 
2016-12-07 22:40:39.8619|INFO|  Add Movie Success! 
2016-12-07 22:40:39.8859|INFO|  Add Movie Success! 
2016-12-07 22:40:39.9150|INFO|  Add Movie Success! 
2016-12-07 22:40:39.9270|INFO|  Add Movie Success! 
2016-12-07 22:40:39.9410|INFO|  Add Movie Success! 
2016-12-07 22:40:39.9581|INFO|  Add Movie Success! 
2016-12-07 22:40:39.9731|INFO|  Add Movie Success! 
2016-12-07 22:40:39.9857|INFO|  Add Movie Success! 
2016-12-07 22:40:39.9857|INFO|  Add Movie Success! 
2016-12-07 22:40:40.0108|INFO|  Add Movie Success! 
2016-12-07 22:40:40.0233|INFO|  Add Movie Success! 
2016-12-07 22:40:40.0413|INFO|  Add Movie Success! 
2016-12-07 22:40:40.0714|INFO|  Add Movie Success! 
2016-12-07 22:40:40.0910|INFO|  Add Movie Success! 
2016-12-07 22:40:40.1035|INFO|  Add Movie Success! 
2016-12-07 22:40:40.1175|INFO|  Add Movie Success! 
2016-12-07 22:40:40.1301|INFO|  Add Movie Success! 
2016-12-07 22:40:40.1426|INFO|  Add Movie Success! 
2016-12-07 22:40:40.1426|INFO|  Add Movie Success! 
2016-12-07 22:40:40.1672|INFO|  Add Movie Success! 
2016-12-07 22:40:40.1797|INFO|  Add Movie Success! 
2016-12-07 22:40:40.1917|INFO|  Add Movie Success! 
2016-12-07 22:40:40.2128|INFO|  Add Movie Success! 
2016-12-07 22:40:40.2318|INFO|  Add Movie Success! 
2016-12-07 22:40:40.2519|INFO|  Add Movie Success! 
2016-12-07 22:40:40.2669|INFO|  Add Movie Success! 
2016-12-07 22:40:40.2905|INFO|  Add Movie Success! 
2016-12-07 22:40:40.3065|INFO|  Add Movie Success! 
2016-12-07 22:40:40.3226|INFO|  Add Movie Success! 
2016-12-07 22:40:40.3381|INFO|  Add Movie Success! 
2016-12-07 22:40:40.3537|INFO|  Add Movie Success! 
2016-12-07 22:40:40.3692|INFO|  Add Movie Success! 
2016-12-07 22:40:40.4013|INFO|  Add Movie Success! 
2016-12-07 22:40:40.4148|INFO|  Add Movie Success! 
2016-12-07 22:40:40.4274|INFO|  Add Movie Success! 
2016-12-07 22:40:40.4399|INFO|  Add Movie Success! 
2016-12-07 22:40:40.4559|INFO|  Add Movie Success! 
2016-12-07 22:40:40.4720|INFO|  Add Movie Success! 
2016-12-07 22:40:40.4890|INFO|  Add Movie Success! 
2016-12-07 22:40:40.5161|INFO|  Add Movie Success! 
2016-12-07 22:40:40.5412|INFO|  Add Movie Success! 
2016-12-07 22:40:40.5612|INFO|  Add Movie Success! 
2016-12-07 22:40:40.5953|INFO|  Add Movie Success! 
2016-12-07 22:40:40.6154|INFO|  Add Movie Success! 
2016-12-07 22:40:40.6364|INFO|  Add Movie Success! 
2016-12-07 22:40:40.6595|INFO|  Add Movie Success! 
2016-12-07 22:40:40.6780|INFO|  Add Movie Success! 
2016-12-07 22:40:40.6971|INFO|  Add Movie Success! 
2016-12-07 22:40:40.7237|INFO|  Add Movie Success! 
2016-12-07 22:40:40.7472|INFO|  Add Movie Success! 
2016-12-07 22:40:40.7738|INFO|  Add Movie Success! 
2016-12-07 22:40:40.7969|INFO|  Add Movie Success! 
