2016-12-06 08:27:27.7295|INFO|CrawlHotMovie Start... 
2016-12-06 08:27:27.7295|INFO|CrawlLatestMovieInfo Start... 
2016-12-06 08:28:02.1318|INFO|Add Movie Success! 
2016-12-06 08:28:02.1318|INFO|Add Movie Success! 
2016-12-06 08:28:05.1144|INFO|Add Movie Success! 
2016-12-06 08:28:06.2419|INFO|CrawlLatestMovieInfo Finish! 
2016-12-06 08:28:06.5780|INFO|Add Movie Success! 
2016-12-06 08:28:07.2281|INFO|Add Movie Success! 
2016-12-06 08:28:07.7859|INFO|Add Movie Success! 
2016-12-06 08:28:08.3026|INFO|Add Movie Success! 
2016-12-06 08:28:08.9168|INFO|Add Movie Success! 
2016-12-06 08:28:30.1927|ERROR|GetHTMLByURL Exception 
2016-12-06 08:28:30.9580|INFO|Add Movie Success! 
2016-12-06 08:28:31.4769|INFO|Add Movie Success! 
2016-12-06 08:28:32.0414|INFO|Add Movie Success! 
2016-12-06 08:28:32.5351|INFO|Add Movie Success! 
2016-12-06 08:28:33.2993|INFO|Add Movie Success! 
2016-12-06 08:28:33.4206|INFO|Add Movie Success! 
2016-12-06 08:28:33.5585|INFO|Add Movie Success! 
2016-12-06 08:28:33.6806|INFO|Add Movie Success! 
2016-12-06 08:28:33.9202|INFO|Add Movie Success! 
2016-12-06 08:28:33.9383|INFO|CrawlHotMovie Finish... 
