2016-12-12 23:55:42.9646|ERROR|  BizMovie Save ExceptionSystem.InvalidOperationException: The property 'BizMovieInfo.XunLeiDownLoadURLList' could not be mapped, because it is of type 'List<string>' which is not a supported primitive type or a valid entity type. Either explicitly map this property, or ignore it.
   at Microsoft.EntityFrameworkCore.Metadata.Conventions.Internal.PropertyMappingValidationConvention.Apply(InternalModelBuilder modelBuilder)
   at Microsoft.EntityFrameworkCore.Metadata.Conventions.Internal.ConventionDispatcher.OnModelBuilt(InternalModelBuilder modelBuilder)
   at Microsoft.EntityFrameworkCore.Infrastructure.ModelSource.CreateModel(DbContext context, IConventionSetBuilder conventionSetBuilder, IModelValidator validator)
   at System.Collections.Concurrent.ConcurrentDictionary`2.GetOrAdd(TKey key, Func`2 valueFactory)
   at Microsoft.EntityFrameworkCore.Internal.DbContextServices.CreateModel()
   at Microsoft.EntityFrameworkCore.Internal.LazyRef`1.get_Value()
   at Microsoft.Extensions.DependencyInjection.ServiceLookup.CallSiteRuntimeResolver.VisitScoped(ScopedCallSite scopedCallSite, ServiceProvider provider)
   at Microsoft.Extensions.DependencyInjection.ServiceLookup.CallSiteRuntimeResolver.VisitConstructor(ConstructorCallSite constructorCallSite, ServiceProvider provider)
   at Microsoft.Extensions.DependencyInjection.ServiceLookup.CallSiteRuntimeResolver.VisitScoped(ScopedCallSite scopedCallSite, ServiceProvider provider)
   at Microsoft.Extensions.DependencyInjection.ServiceProvider.<>c__DisplayClass16_0.<RealizeService>b__0(ServiceProvider provider)
   at Microsoft.Extensions.DependencyInjection.ServiceProviderServiceExtensions.GetRequiredService(IServiceProvider provider, Type serviceType)
   at Microsoft.Extensions.DependencyInjection.ServiceProviderServiceExtensions.GetRequiredService[T](IServiceProvider provider)
   at Microsoft.EntityFrameworkCore.Infrastructure.EntityFrameworkServiceCollectionExtensions.<>c.<AddEntityFramework>b__0_13(IServiceProvider p)
   at Microsoft.Extensions.DependencyInjection.ServiceLookup.CallSiteRuntimeResolver.VisitScoped(ScopedCallSite scopedCallSite, ServiceProvider provider)
   at Microsoft.Extensions.DependencyInjection.ServiceProvider.<>c__DisplayClass16_0.<RealizeService>b__0(ServiceProvider provider)
   at Microsoft.Extensions.DependencyInjection.ServiceProviderServiceExtensions.GetService[T](IServiceProvider provider)
   at Microsoft.EntityFrameworkCore.Infrastructure.AccessorExtensions.GetService[TService](IInfrastructure`1 accessor)
   at Microsoft.EntityFrameworkCore.Infrastructure.DatabaseFacade.get_DatabaseCreator()
   at Microsoft.EntityFrameworkCore.Infrastructure.DatabaseFacade.EnsureCreated()
   at Dy2018CrawlerWithDB.Models.Movie.Save() in C:\code\github\Dy2018Crawler\src\Dy2018CrawlerForDB\Models\BizMovie.cs:line 34 
